<?xml version="1.0" encoding="UTF-8"?>
<!-- Generated by org.testng.reporters.JUnitReportReporter -->
<testsuite hostname="M7-DX-HY4WXJ2" name="Cucumber.RunnerClass" tests="1" failures="0" timestamp="9 Aug 2019 07:36:43 GMT" time="11.863" errors="0">
  <testcase name="feature" time="11.863" classname="Cucumber.RunnerClass"/>
</testsuite> <!-- Cucumber.RunnerClass -->
